Sat Dec 14 20:29:43 UTC 2024: Fetching weather data from Met Eireann API endpoint
--2024-12-14 20:29:43--  https://prodapi.metweb.ie/observations/athenry/today
Resolving prodapi.metweb.ie (prodapi.metweb.ie)... 139.162.185.91
Connecting to prodapi.metweb.ie (prodapi.metweb.ie)|139.162.185.91|:443... connected.
HTTP request sent, awaiting response... 200 OK
Length: unspecified [application/json]
Saving to: ‘data/weather/20241214_202943.json’

     0K ......                                                  753M=0s

2024-12-14 20:29:44 (753 MB/s) - ‘data/weather/20241214_202943.json’ saved [6327]

Sat Dec 14 20:29:44 UTC 2024: Successfully downloaded 
Sat Dec 14 20:29:44 UTC 2024:  is valid.
Sat Dec 14 20:29:56 UTC 2024: Fetching weather data from Met Eireann API endpoint
--2024-12-14 20:29:56--  https://prodapi.metweb.ie/observations/athenry/today
Resolving prodapi.metweb.ie (prodapi.metweb.ie)... 139.162.185.91
Connecting to prodapi.metweb.ie (prodapi.metweb.ie)|139.162.185.91|:443... connected.
HTTP request sent, awaiting response... 200 OK
Length: unspecified [application/json]
Saving to: ‘data/weather/20241214_202956.json’

     0K ......                                                  859M=0s

2024-12-14 20:29:57 (859 MB/s) - ‘data/weather/20241214_202956.json’ saved [6327]

Sat Dec 14 20:29:57 UTC 2024: Successfully downloaded 
Sat Dec 14 20:29:57 UTC 2024:  is valid.
\n\nSat Dec 14 20:33:35 UTC 2024: Fetching weather data from Met Eireann API endpoint
--2024-12-14 20:33:35--  https://prodapi.metweb.ie/observations/athenry/today
Resolving prodapi.metweb.ie (prodapi.metweb.ie)... 139.162.185.91
Connecting to prodapi.metweb.ie (prodapi.metweb.ie)|139.162.185.91|:443... connected.
HTTP request sent, awaiting response... 200 OK
Length: unspecified [application/json]
Saving to: ‘data/weather/20241214_203335.json’

     0K ......                                                  694M=0s

2024-12-14 20:33:36 (694 MB/s) - ‘data/weather/20241214_203335.json’ saved [6327]

Sat Dec 14 20:33:36 UTC 2024: Successfully downloaded 20241214_203335.json
Sat Dec 14 20:33:36 UTC 2024: 20241214_203335.json is valid.


Sat Dec 14 20:34:35 UTC 2024: Fetching weather data from Met Eireann API endpoint
--2024-12-14 20:34:35--  https://prodapi.metweb.ie/observations/athenry/today
Resolving prodapi.metweb.ie (prodapi.metweb.ie)... 139.162.185.91
Connecting to prodapi.metweb.ie (prodapi.metweb.ie)|139.162.185.91|:443... connected.
HTTP request sent, awaiting response... 200 OK
Length: unspecified [application/json]
Saving to: ‘data/weather/20241214_203435.json’

     0K ......                                                  670M=0s

2024-12-14 20:34:36 (670 MB/s) - ‘data/weather/20241214_203435.json’ saved [6327]

Sat Dec 14 20:34:36 UTC 2024: Successfully downloaded 20241214_203435.json
Sat Dec 14 20:34:36 UTC 2024: 20241214_203435.json is valid.

-------------------------------------------------------------- 
Sat Dec 14 20:35:35 UTC 2024: Fetching weather data from Met Eireann API endpoint
--2024-12-14 20:35:35--  https://prodapi.metweb.ie/observations/athenry/today
Resolving prodapi.metweb.ie (prodapi.metweb.ie)... 139.162.185.91
Connecting to prodapi.metweb.ie (prodapi.metweb.ie)|139.162.185.91|:443... connected.
HTTP request sent, awaiting response... 200 OK
Length: unspecified [application/json]
Saving to: ‘data/weather/20241214_203535.json’

     0K ......                                                  567M=0s

2024-12-14 20:35:36 (567 MB/s) - ‘data/weather/20241214_203535.json’ saved [6327]

Sat Dec 14 20:35:36 UTC 2024: Successfully downloaded 20241214_203535.json
Sat Dec 14 20:35:36 UTC 2024: 20241214_203535.json is valid.

-------------------------------------------------------------- 
Sat Dec 14 20:39:55 UTC 2024: Fetching weather data from Met Eireann API endpoint
--2024-12-14 20:39:55--  https://prodapi.metweb.ie/observations/athenry/today
Resolving prodapi.metweb.ie (prodapi.metweb.ie)... 139.162.185.91
Connecting to prodapi.metweb.ie (prodapi.metweb.ie)|139.162.185.91|:443... connected.
HTTP request sent, awaiting response... 200 OK
Length: unspecified [application/json]
Saving to: ‘data/weather/20241214_203955.json’

     0K ......                                                  752M=0s

2024-12-14 20:40:01 (752 MB/s) - ‘data/weather/20241214_203955.json’ saved [6327]

Sat Dec 14 20:40:01 UTC 2024: Successfully downloaded 20241214_203955.json
Sat Dec 14 20:40:01 UTC 2024: 20241214_203955.json is valid.

--------------------------------------------------------------
Sat Dec 14 20:45:46 UTC 2024 [INFO]: Fetching weather data from Met Eireann API endpoint
--2024-12-14 20:45:46--  https://prodapi.metweb.ie/observations/athenry/today
Resolving prodapi.metweb.ie (prodapi.metweb.ie)... 139.162.185.91
Connecting to prodapi.metweb.ie (prodapi.metweb.ie)|139.162.185.91|:443... connected.
HTTP request sent, awaiting response... 200 OK
Length: unspecified [application/json]
Saving to: ‘data/weather/20241214_204546.json’

     0K ......                                                  512M=0s

2024-12-14 20:45:47 (512 MB/s) - ‘data/weather/20241214_204546.json’ saved [6327]

Sat Dec 14 20:45:47 UTC 2024 [INFO]: Successfully downloaded 20241214_204546.json
Sat Dec 14 20:45:47 UTC 2024 [INFO]: 20241214_204546.json is valid.

--------------------------------------------------------------
Sat Dec 14 21:02:33 UTC 2024 [INFO]: Fetching weather data from Met Eireann API endpoint
--2024-12-14 21:02:33--  https://prodapi.metweb.ie/observations/athenry/today
Resolving prodapi.metweb.ie (prodapi.metweb.ie)... 139.162.185.91
Connecting to prodapi.metweb.ie (prodapi.metweb.ie)|139.162.185.91|:443... connected.
HTTP request sent, awaiting response... 200 OK
Length: unspecified [application/json]
Saving to: ‘data/weather/20241214_210233.json’

     0K ......                                                  711M=0s

2024-12-14 21:02:34 (711 MB/s) - ‘data/weather/20241214_210233.json’ saved [6327]

Sat Dec 14 21:02:34 UTC 2024 [INFO]: Successfully downloaded 20241214_210233.json
Sat Dec 14 21:02:34 UTC 2024 [INFO]: 20241214_210233.json is valid.

--------------------------------------------------------------
Sat Dec 14 21:20:01 UTC 2024 [INFO]: Fetching weather data from Met Eireann API endpoint
--2024-12-14 21:20:01--  https://prodapi.metweb.ie/observations/athenry/todayss
Resolving prodapi.metweb.ie (prodapi.metweb.ie)... 139.162.185.91
Connecting to prodapi.metweb.ie (prodapi.metweb.ie)|139.162.185.91|:443... connected.
HTTP request sent, awaiting response... 404 Not Found
2024-12-14 21:20:01 ERROR 404: Not Found.

Sat Dec 14 21:20:01 UTC 2024 [ERROR]: Failed to download weather data from https://prodapi.metweb.ie/observations/athenry/todayss. Check the URL or network connection.

--------------------------------------------------------------
Sat Dec 14 21:29:18 UTC 2024 [INFO]: Fetching weather data from Met Eireann API endpoint
--2024-12-14 21:29:18--  https://prodapi.metweb.ie/observations/athenry/todayss
Resolving prodapi.metweb.ie (prodapi.metweb.ie)... 139.162.185.91
Connecting to prodapi.metweb.ie (prodapi.metweb.ie)|139.162.185.91|:443... connected.
HTTP request sent, awaiting response... 404 Not Found
2024-12-14 21:29:18 ERROR 404: Not Found.

Sat Dec 14 21:29:18 UTC 2024 [ERROR]: Failed to download weather data from https://prodapi.metweb.ie/observations/athenry/todayss. Check the URL or network connection.

--------------------------------------------------------------
Sat Dec 14 21:29:47 UTC 2024 [INFO]: Fetching weather data from Met Eireann API endpoint
--2024-12-14 21:29:47--  https://prodapi.metweb.ie/observations/athenry/todayss
Resolving prodapi.metweb.ie (prodapi.metweb.ie)... 139.162.185.91
Connecting to prodapi.metweb.ie (prodapi.metweb.ie)|139.162.185.91|:443... connected.
HTTP request sent, awaiting response... 404 Not Found
2024-12-14 21:29:47 ERROR 404: Not Found.

Sat Dec 14 21:29:47 UTC 2024 [ERROR]: Failed to download weather data from https://prodapi.metweb.ie/observations/athenry/todayss. Check the URL or network connection.

--------------------------------------------------------------
Sat Dec 14 22:00:31 UTC 2024 [INFO]: Fetching weather data from Met Eireann API endpoint
--2024-12-14 22:00:31--  https://prodapi.metweb.ie/observations/athenry/todayss
Resolving prodapi.metweb.ie (prodapi.metweb.ie)... 139.162.185.91
Connecting to prodapi.metweb.ie (prodapi.metweb.ie)|139.162.185.91|:443... connected.
HTTP request sent, awaiting response... 404 Not Found
2024-12-14 22:00:32 ERROR 404: Not Found.

Sat Dec 14 22:00:32 UTC 2024 [ERROR]: Failed to download weather data from https://prodapi.metweb.ie/observations/athenry/todayss. Check the URL or network connection.

--------------------------------------------------------------
Sat Dec 14 22:02:28 UTC 2024 [INFO]: Fetching weather data from Met Eireann API endpoint
--2024-12-14 22:02:28--  https://prodapi.metweb.ie/observations/athenry/todayss
Resolving prodapi.metweb.ie (prodapi.metweb.ie)... 139.162.185.91
Connecting to prodapi.metweb.ie (prodapi.metweb.ie)|139.162.185.91|:443... connected.
HTTP request sent, awaiting response... 404 Not Found
2024-12-14 22:02:28 ERROR 404: Not Found.

Sat Dec 14 22:02:28 UTC 2024 [ERROR]: Failed to download weather data from https://prodapi.metweb.ie/observations/athenry/todayss. Check the URL or network connection.

--------------------------------------------------------------
Sat Dec 14 22:02:36 UTC 2024 [INFO]: Fetching weather data from Met Eireann API endpoint
--2024-12-14 22:02:36--  https://prodapi.metweb.ie/observations/athenry/todayss
Resolving prodapi.metweb.ie (prodapi.metweb.ie)... 139.162.185.91
Connecting to prodapi.metweb.ie (prodapi.metweb.ie)|139.162.185.91|:443... connected.
HTTP request sent, awaiting response... 404 Not Found
2024-12-14 22:02:36 ERROR 404: Not Found.

Sat Dec 14 22:02:36 UTC 2024 [ERROR]: Failed to download weather data from https://prodapi.metweb.ie/observations/athenry/todayss. Check the URL or network connection.

--------------------------------------------------------------
Sat Dec 14 22:03:16 UTC 2024 [INFO]: Fetching weather data from Met Eireann API endpoint
--2024-12-14 22:03:16--  https://prodapi.metweb.ie/observations/athenry/todayss
Resolving prodapi.metweb.ie (prodapi.metweb.ie)... 139.162.185.91
Connecting to prodapi.metweb.ie (prodapi.metweb.ie)|139.162.185.91|:443... connected.
HTTP request sent, awaiting response... 404 Not Found
2024-12-14 22:03:16 ERROR 404: Not Found.

Sat Dec 14 22:03:16 UTC 2024 [ERROR]: Failed to download weather data from https://prodapi.metweb.ie/observations/athenry/todayss. Check the URL or network connection.

--------------------------------------------------------------
Sat Dec 14 22:03:48 UTC 2024 [INFO]: Fetching weather data from Met Eireann API endpoint
--2024-12-14 22:03:48--  https://prodapi.metweb.ie/observations/athenry/todayss
Resolving prodapi.metweb.ie (prodapi.metweb.ie)... 139.162.185.91
Connecting to prodapi.metweb.ie (prodapi.metweb.ie)|139.162.185.91|:443... connected.
HTTP request sent, awaiting response... 404 Not Found
2024-12-14 22:03:48 ERROR 404: Not Found.

Sat Dec 14 22:03:48 UTC 2024 [ERROR]: Failed to download weather data from https://prodapi.metweb.ie/observations/athenry/todayss. Check the URL or network connection.

--------------------------------------------------------------
Sat Dec 14 22:43:32 UTC 2024 [INFO]: Fetching weather data from Met Eireann API endpoint
--2024-12-14 22:43:32--  https://prodapi.metweb.ie/observations/athenry/todayss
Resolving prodapi.metweb.ie (prodapi.metweb.ie)... 139.162.185.91
Connecting to prodapi.metweb.ie (prodapi.metweb.ie)|139.162.185.91|:443... connected.
HTTP request sent, awaiting response... 404 Not Found
2024-12-14 22:43:32 ERROR 404: Not Found.

Sat Dec 14 22:43:32 UTC 2024 [ERROR]: Failed to download weather data from https://prodapi.metweb.ie/observations/athenry/todayss. Check the URL or network connection.

--------------------------------------------------------------
Sat Dec 14 22:43:54 UTC 2024 [INFO]: Fetching weather data from Met Eireann API endpoint
--2024-12-14 22:43:54--  https://prodapi.metweb.ie/observations/athenry/todayss
Resolving prodapi.metweb.ie (prodapi.metweb.ie)... 139.162.185.91
Connecting to prodapi.metweb.ie (prodapi.metweb.ie)|139.162.185.91|:443... connected.
HTTP request sent, awaiting response... 404 Not Found
2024-12-14 22:43:54 ERROR 404: Not Found.

Sat Dec 14 22:43:54 UTC 2024 [ERROR]: Failed to download weather data from https://prodapi.metweb.ie/observations/athenry/todayss. Check the URL or network connection.

--------------------------------------------------------------
Sat Dec 14 22:45:45 UTC 2024 [INFO]: Fetching weather data from Met Eireann API endpoint
--2024-12-14 22:45:45--  https://prodapi.metweb.ie/observations/athenry/todayss
Resolving prodapi.metweb.ie (prodapi.metweb.ie)... 139.162.185.91
Connecting to prodapi.metweb.ie (prodapi.metweb.ie)|139.162.185.91|:443... connected.
HTTP request sent, awaiting response... 404 Not Found
2024-12-14 22:45:45 ERROR 404: Not Found.

Sat Dec 14 22:45:45 UTC 2024 [ERROR]: Failed to download weather data from https://prodapi.metweb.ie/observations/athenry/todayss. Check the URL or network connection.

--------------------------------------------------------------
Sat Dec 14 22:46:31 UTC 2024 [INFO]: Fetching weather data from Met Eireann API endpoint
--2024-12-14 22:46:31--  https://prodapi.metweb.ie/observations/athenry/todayss
Resolving prodapi.metweb.ie (prodapi.metweb.ie)... 139.162.185.91
Connecting to prodapi.metweb.ie (prodapi.metweb.ie)|139.162.185.91|:443... connected.
HTTP request sent, awaiting response... 404 Not Found
2024-12-14 22:46:31 ERROR 404: Not Found.

Sat Dec 14 22:46:31 UTC 2024 [ERROR]: Failed to download weather data from https://prodapi.metweb.ie/observations/athenry/todayss. Check the URL or network connection.

--------------------------------------------------------------
Sat Dec 14 22:51:04 UTC 2024 [INFO]: Fetching weather data from Met Eireann API endpoint
--2024-12-14 22:51:04--  https://prodapi.metweb.ie/observations/athenry/todayss
Resolving prodapi.metweb.ie (prodapi.metweb.ie)... 139.162.185.91
Connecting to prodapi.metweb.ie (prodapi.metweb.ie)|139.162.185.91|:443... connected.
HTTP request sent, awaiting response... 404 Not Found
2024-12-14 22:51:04 ERROR 404: Not Found.

Sat Dec 14 22:51:04 UTC 2024 [ERROR]: Failed to download weather data from https://prodapi.metweb.ie/observations/athenry/todayss. Check the URL or network connection.

--------------------------------------------------------------
Sat Dec 14 22:51:17 UTC 2024 [INFO]: Fetching weather data from Met Eireann API endpoint
--2024-12-14 22:51:17--  https://prodapi.metweb.ie/observations/athenry/todayss
Resolving prodapi.metweb.ie (prodapi.metweb.ie)... 139.162.185.91
Connecting to prodapi.metweb.ie (prodapi.metweb.ie)|139.162.185.91|:443... connected.
HTTP request sent, awaiting response... 404 Not Found
2024-12-14 22:51:17 ERROR 404: Not Found.

Sat Dec 14 22:51:17 UTC 2024 [ERROR]: Failed to download weather data from https://prodapi.metweb.ie/observations/athenry/todayss. Check the URL or network connection.

--------------------------------------------------------------
Sat Dec 14 23:01:23 UTC 2024 [INFO]: Fetching weather data from Met Eireann API endpoint
--2024-12-14 23:01:23--  https://prodapi.metweb.ie/observations/athenry/todayss
Resolving prodapi.metweb.ie (prodapi.metweb.ie)... 139.162.185.91
Connecting to prodapi.metweb.ie (prodapi.metweb.ie)|139.162.185.91|:443... connected.
HTTP request sent, awaiting response... 404 Not Found
2024-12-14 23:01:23 ERROR 404: Not Found.

Sat Dec 14 23:01:23 UTC 2024 [ERROR]: Failed to download weather data from https://prodapi.metweb.ie/observations/athenry/todayss. Check the URL or network connection.

--------------------------------------------------------------
Sat Dec 14 23:04:09 UTC 2024 [INFO]: Fetching weather data from Met Eireann API endpoint
--2024-12-14 23:04:09--  https://prodapi.metweb.ie/observations/athenry/todayss
Resolving prodapi.metweb.ie (prodapi.metweb.ie)... 139.162.185.91
Connecting to prodapi.metweb.ie (prodapi.metweb.ie)|139.162.185.91|:443... connected.
HTTP request sent, awaiting response... 404 Not Found
2024-12-14 23:04:09 ERROR 404: Not Found.

Sat Dec 14 23:04:09 UTC 2024 [ERROR]: Failed to download weather data from https://prodapi.metweb.ie/observations/athenry/todayss. Check the URL or network connection.

--------------------------------------------------------------
Sat Dec 14 23:04:25 UTC 2024 [INFO]: Fetching weather data from Met Eireann API endpoint
--2024-12-14 23:04:25--  https://prodapi.metweb.ie/observations/athenry/todayss
Resolving prodapi.metweb.ie (prodapi.metweb.ie)... 139.162.185.91
Connecting to prodapi.metweb.ie (prodapi.metweb.ie)|139.162.185.91|:443... connected.
HTTP request sent, awaiting response... 404 Not Found
2024-12-14 23:04:25 ERROR 404: Not Found.

Sat Dec 14 23:04:25 UTC 2024 [ERROR]: Failed to download weather data from https://prodapi.metweb.ie/observations/athenry/todayss. Check the URL or network connection.

--------------------------------------------------------------
Sat Dec 14 23:07:58 UTC 2024 [INFO]: Fetching weather data from Met Eireann API endpoint
--2024-12-14 23:07:58--  https://prodapi.metweb.ie/observations/athenry/todayss
Resolving prodapi.metweb.ie (prodapi.metweb.ie)... 139.162.185.91
Connecting to prodapi.metweb.ie (prodapi.metweb.ie)|139.162.185.91|:443... connected.
HTTP request sent, awaiting response... 404 Not Found
2024-12-14 23:07:58 ERROR 404: Not Found.

Sat Dec 14 23:07:58 UTC 2024 [ERROR]: Failed to download weather data from https://prodapi.metweb.ie/observations/athenry/todayss. Check the URL or network connection.

--------------------------------------------------------------
Sun Dec 15 00:16:17 UTC 2024 [INFO]: Fetching weather data from Met Eireann API endpoint
--2024-12-15 00:16:17--  https://prodapi.metweb.ie/observations/athenry/todayss
Resolving prodapi.metweb.ie (prodapi.metweb.ie)... 139.162.185.91
Connecting to prodapi.metweb.ie (prodapi.metweb.ie)|139.162.185.91|:443... connected.
HTTP request sent, awaiting response... 404 Not Found
2024-12-15 00:16:17 ERROR 404: Not Found.

Sun Dec 15 00:16:17 UTC 2024 [ERROR]: Failed to download weather data from https://prodapi.metweb.ie/observations/athenry/todayss. Check the URL or network connection.

--------------------------------------------------------------
Sun Dec 15 00:17:19 UTC 2024 [INFO]: Fetching weather data from Met Eireann API endpoint
--2024-12-15 00:17:19--  https://prodapi.metweb.ie/observations/athenry/
Resolving prodapi.metweb.ie (prodapi.metweb.ie)... 139.162.185.91
Connecting to prodapi.metweb.ie (prodapi.metweb.ie)|139.162.185.91|:443... connected.
HTTP request sent, awaiting response... 404 Not Found
2024-12-15 00:17:19 ERROR 404: Not Found.

Sun Dec 15 00:17:19 UTC 2024 [ERROR]: Failed to download weather data from https://prodapi.metweb.ie/observations/athenry/. Check the URL or network connection.

--------------------------------------------------------------
Sun Dec 15 00:18:47 UTC 2024 [INFO]: Fetching weather data from Met Eireann API endpoint
--2024-12-15 00:18:47--  https://prodapi.metweb.ie/observations/athenry/
Resolving prodapi.metweb.ie (prodapi.metweb.ie)... 139.162.185.91
Connecting to prodapi.metweb.ie (prodapi.metweb.ie)|139.162.185.91|:443... connected.
HTTP request sent, awaiting response... 404 Not Found
2024-12-15 00:18:47 ERROR 404: Not Found.

Sun Dec 15 00:18:47 UTC 2024 [ERROR]: Failed to download weather data from https://prodapi.metweb.ie/observations/athenry/. Check the URL or network connection.

--------------------------------------------------------------
Sun Dec 15 00:19:31 UTC 2024 [INFO]: Fetching weather data from Met Eireann API endpoint
--2024-12-15 00:19:31--  https://prodapi.metweb.ie/observations/athenry/today
Resolving prodapi.metweb.ie (prodapi.metweb.ie)... 139.162.185.91
Connecting to prodapi.metweb.ie (prodapi.metweb.ie)|139.162.185.91|:443... connected.
HTTP request sent, awaiting response... 200 OK
Length: unspecified [application/json]
Saving to: ‘data/weather/20241215_001931.json’

     0K                                                        40.9M=0s

2024-12-15 00:19:32 (40.9 MB/s) - ‘data/weather/20241215_001931.json’ saved [313]

Sun Dec 15 00:19:32 UTC 2024 [INFO]: Successfully downloaded 20241215_001931.json
Sun Dec 15 00:19:32 UTC 2024 [INFO]: 20241215_001931.json is valid.

--------------------------------------------------------------
Wed Dec 18 10:18:54 UTC 2024 [INFO]: Fetching weather data from Met Eireann API endpoint
--2024-12-18 10:18:54--  https://prodapi.metweb.ie/observations/athenry/today
Resolving prodapi.metweb.ie (prodapi.metweb.ie)... 139.162.185.91
Connecting to prodapi.metweb.ie (prodapi.metweb.ie)|139.162.185.91|:443... connected.
HTTP request sent, awaiting response... 200 OK
Length: unspecified [application/json]
Saving to: ‘data/weather/20241218_101854.json’

     0K ...                                                     742M=0s

2024-12-18 10:18:55 (742 MB/s) - ‘data/weather/20241218_101854.json’ saved [3381]

Wed Dec 18 10:18:55 UTC 2024 [INFO]: Successfully downloaded 20241218_101854.json
Wed Dec 18 10:18:55 UTC 2024 [INFO]: 20241218_101854.json is valid.

--------------------------------------------------------------
Thu Dec 19 10:08:42 UTC 2024 [INFO]: Fetching weather data from Met Eireann API endpoint
--2024-12-19 10:08:42--  https://prodapi.metweb.ie/observations/athenry/today
Resolving prodapi.metweb.ie (prodapi.metweb.ie)... 139.162.185.91
Connecting to prodapi.metweb.ie (prodapi.metweb.ie)|139.162.185.91|:443... connected.
HTTP request sent, awaiting response... 200 OK
Length: unspecified [application/json]
Saving to: ‘data/weather/20241219_100842.json’

     0K ...                                                     236M=0s

2024-12-19 10:08:44 (236 MB/s) - ‘data/weather/20241219_100842.json’ saved [3096]

Thu Dec 19 10:08:44 UTC 2024 [INFO]: Successfully downloaded 20241219_100842.json
Thu Dec 19 10:08:44 UTC 2024 [INFO]: 20241219_100842.json is valid.

--------------------------------------------------------------
Fri Dec 20 10:08:21 UTC 2024 [INFO]: Fetching weather data from Met Eireann API endpoint
--2024-12-20 10:08:21--  https://prodapi.metweb.ie/observations/athenry/today
Resolving prodapi.metweb.ie (prodapi.metweb.ie)... 139.162.185.91
Connecting to prodapi.metweb.ie (prodapi.metweb.ie)|139.162.185.91|:443... connected.
HTTP request sent, awaiting response... 200 OK
Length: unspecified [application/json]
Saving to: ‘data/weather/20241220_100821.json’

     0K ...                                                     812M=0s

2024-12-20 10:08:23 (812 MB/s) - ‘data/weather/20241220_100821.json’ saved [3096]

Fri Dec 20 10:08:23 UTC 2024 [INFO]: Successfully downloaded 20241220_100821.json
Fri Dec 20 10:08:23 UTC 2024 [INFO]: 20241220_100821.json is valid.

--------------------------------------------------------------
Sat Dec 21 10:07:00 UTC 2024 [INFO]: Fetching weather data from Met Eireann API endpoint
--2024-12-21 10:07:00--  https://prodapi.metweb.ie/observations/athenry/today
Resolving prodapi.metweb.ie (prodapi.metweb.ie)... 139.162.185.91
Connecting to prodapi.metweb.ie (prodapi.metweb.ie)|139.162.185.91|:443... connected.
HTTP request sent, awaiting response... 200 OK
Length: unspecified [application/json]
Saving to: ‘data/weather/20241221_100700.json’

     0K ...                                                     627M=0s

2024-12-21 10:07:02 (627 MB/s) - ‘data/weather/20241221_100700.json’ saved [3122]

Sat Dec 21 10:07:02 UTC 2024 [INFO]: Successfully downloaded 20241221_100700.json
Sat Dec 21 10:07:02 UTC 2024 [INFO]: 20241221_100700.json is valid.

--------------------------------------------------------------
Sun Dec 22 10:07:14 UTC 2024 [INFO]: Fetching weather data from Met Eireann API endpoint
--2024-12-22 10:07:14--  https://prodapi.metweb.ie/observations/athenry/today
Resolving prodapi.metweb.ie (prodapi.metweb.ie)... 139.162.185.91
Connecting to prodapi.metweb.ie (prodapi.metweb.ie)|139.162.185.91|:443... connected.
HTTP request sent, awaiting response... 200 OK
Length: unspecified [application/json]
Saving to: ‘data/weather/20241222_100714.json’

     0K ...                                                     694M=0s

2024-12-22 10:07:19 (694 MB/s) - ‘data/weather/20241222_100714.json’ saved [3119]

Sun Dec 22 10:07:19 UTC 2024 [INFO]: Successfully downloaded 20241222_100714.json
Sun Dec 22 10:07:19 UTC 2024 [INFO]: 20241222_100714.json is valid.

--------------------------------------------------------------
Mon Dec 23 10:08:43 UTC 2024 [INFO]: Fetching weather data from Met Eireann API endpoint
--2024-12-23 10:08:43--  https://prodapi.metweb.ie/observations/athenry/today
Resolving prodapi.metweb.ie (prodapi.metweb.ie)... 139.162.185.91
Connecting to prodapi.metweb.ie (prodapi.metweb.ie)|139.162.185.91|:443... connected.
HTTP request sent, awaiting response... 200 OK
Length: unspecified [application/json]
Saving to: ‘data/weather/20241223_100843.json’

     0K ..                                                      685M=0s

2024-12-23 10:09:09 (685 MB/s) - ‘data/weather/20241223_100843.json’ saved [3030]

Mon Dec 23 10:09:09 UTC 2024 [INFO]: Successfully downloaded 20241223_100843.json
Mon Dec 23 10:09:09 UTC 2024 [INFO]: 20241223_100843.json is valid.

--------------------------------------------------------------
Tue Dec 24 10:08:40 UTC 2024 [INFO]: Fetching weather data from Met Eireann API endpoint
--2024-12-24 10:08:40--  https://prodapi.metweb.ie/observations/athenry/today
Resolving prodapi.metweb.ie (prodapi.metweb.ie)... 139.162.185.91
Connecting to prodapi.metweb.ie (prodapi.metweb.ie)|139.162.185.91|:443... connected.
HTTP request sent, awaiting response... 200 OK
Length: unspecified [application/json]
Saving to: ‘data/weather/20241224_100840.json’

     0K ..                                                      728M=0s

2024-12-24 10:08:41 (728 MB/s) - ‘data/weather/20241224_100840.json’ saved [3068]

Tue Dec 24 10:08:41 UTC 2024 [INFO]: Successfully downloaded 20241224_100840.json
Tue Dec 24 10:08:41 UTC 2024 [INFO]: 20241224_100840.json is valid.

--------------------------------------------------------------
Wed Dec 25 10:08:15 UTC 2024 [INFO]: Fetching weather data from Met Eireann API endpoint
--2024-12-25 10:08:15--  https://prodapi.metweb.ie/observations/athenry/today
Resolving prodapi.metweb.ie (prodapi.metweb.ie)... 139.162.185.91
Connecting to prodapi.metweb.ie (prodapi.metweb.ie)|139.162.185.91|:443... connected.
HTTP request sent, awaiting response... 200 OK
Length: unspecified [application/json]
Saving to: ‘data/weather/20241225_100815.json’

     0K ...                                                     728M=0s

2024-12-25 10:08:16 (728 MB/s) - ‘data/weather/20241225_100815.json’ saved [3096]

Wed Dec 25 10:08:16 UTC 2024 [INFO]: Successfully downloaded 20241225_100815.json
Wed Dec 25 10:08:16 UTC 2024 [INFO]: 20241225_100815.json is valid.

--------------------------------------------------------------
Thu Dec 26 10:08:08 UTC 2024 [INFO]: Fetching weather data from Met Eireann API endpoint
--2024-12-26 10:08:08--  https://prodapi.metweb.ie/observations/athenry/today
Resolving prodapi.metweb.ie (prodapi.metweb.ie)... 139.162.185.91
Connecting to prodapi.metweb.ie (prodapi.metweb.ie)|139.162.185.91|:443... connected.
HTTP request sent, awaiting response... 200 OK
Length: unspecified [application/json]
Saving to: ‘data/weather/20241226_100808.json’

     0K ..                                                      604M=0s

2024-12-26 10:08:09 (604 MB/s) - ‘data/weather/20241226_100808.json’ saved [3016]

Thu Dec 26 10:08:09 UTC 2024 [INFO]: Successfully downloaded 20241226_100808.json
Thu Dec 26 10:08:09 UTC 2024 [INFO]: 20241226_100808.json is valid.

--------------------------------------------------------------
Fri Dec 27 10:07:59 UTC 2024 [INFO]: Fetching weather data from Met Eireann API endpoint
--2024-12-27 10:07:59--  https://prodapi.metweb.ie/observations/athenry/today
Resolving prodapi.metweb.ie (prodapi.metweb.ie)... 139.162.185.91
Connecting to prodapi.metweb.ie (prodapi.metweb.ie)|139.162.185.91|:443... connected.
HTTP request sent, awaiting response... 200 OK
Length: unspecified [application/json]
Saving to: ‘data/weather/20241227_100759.json’

     0K ..                                                      686M=0s

2024-12-27 10:08:04 (686 MB/s) - ‘data/weather/20241227_100759.json’ saved [3032]

Fri Dec 27 10:08:04 UTC 2024 [INFO]: Successfully downloaded 20241227_100759.json
Fri Dec 27 10:08:04 UTC 2024 [INFO]: 20241227_100759.json is valid.

--------------------------------------------------------------
Sat Dec 28 10:07:12 UTC 2024 [INFO]: Fetching weather data from Met Eireann API endpoint
--2024-12-28 10:07:12--  https://prodapi.metweb.ie/observations/athenry/today
Resolving prodapi.metweb.ie (prodapi.metweb.ie)... 139.162.185.91
Connecting to prodapi.metweb.ie (prodapi.metweb.ie)|139.162.185.91|:443... connected.
HTTP request sent, awaiting response... 200 OK
Length: unspecified [application/json]
Saving to: ‘data/weather/20241228_100712.json’

     0K ..                                                      610M=0s

2024-12-28 10:07:13 (610 MB/s) - ‘data/weather/20241228_100712.json’ saved [3007]

Sat Dec 28 10:07:13 UTC 2024 [INFO]: Successfully downloaded 20241228_100712.json
Sat Dec 28 10:07:13 UTC 2024 [INFO]: 20241228_100712.json is valid.

--------------------------------------------------------------
Sun Dec 29 10:07:15 UTC 2024 [INFO]: Fetching weather data from Met Eireann API endpoint
--2024-12-29 10:07:15--  https://prodapi.metweb.ie/observations/athenry/today
Resolving prodapi.metweb.ie (prodapi.metweb.ie)... 139.162.185.91
Connecting to prodapi.metweb.ie (prodapi.metweb.ie)|139.162.185.91|:443... connected.
HTTP request sent, awaiting response... 200 OK
Length: unspecified [application/json]
Saving to: ‘data/weather/20241229_100715.json’

     0K ..                                                      653M=0s

2024-12-29 10:07:16 (653 MB/s) - ‘data/weather/20241229_100715.json’ saved [3032]

Sun Dec 29 10:07:16 UTC 2024 [INFO]: Successfully downloaded 20241229_100715.json
Sun Dec 29 10:07:16 UTC 2024 [INFO]: 20241229_100715.json is valid.

--------------------------------------------------------------
Mon Dec 30 10:08:40 UTC 2024 [INFO]: Fetching weather data from Met Eireann API endpoint
--2024-12-30 10:08:40--  https://prodapi.metweb.ie/observations/athenry/today
Resolving prodapi.metweb.ie (prodapi.metweb.ie)... 139.162.185.91
Connecting to prodapi.metweb.ie (prodapi.metweb.ie)|139.162.185.91|:443... connected.
HTTP request sent, awaiting response... 200 OK
Length: unspecified [application/json]
Saving to: ‘data/weather/20241230_100840.json’

     0K ...                                                     643M=0s

2024-12-30 10:08:42 (643 MB/s) - ‘data/weather/20241230_100840.json’ saved [3072]

Mon Dec 30 10:08:42 UTC 2024 [INFO]: Successfully downloaded 20241230_100840.json
Mon Dec 30 10:08:42 UTC 2024 [INFO]: 20241230_100840.json is valid.

--------------------------------------------------------------
Tue Dec 31 10:08:19 UTC 2024 [INFO]: Fetching weather data from Met Eireann API endpoint
--2024-12-31 10:08:19--  https://prodapi.metweb.ie/observations/athenry/today
Resolving prodapi.metweb.ie (prodapi.metweb.ie)... 139.162.185.91
Connecting to prodapi.metweb.ie (prodapi.metweb.ie)|139.162.185.91|:443... connected.
HTTP request sent, awaiting response... 200 OK
Length: unspecified [application/json]
Saving to: ‘data/weather/20241231_100819.json’

     0K ..                                                      693M=0s

2024-12-31 10:08:21 (693 MB/s) - ‘data/weather/20241231_100819.json’ saved [3067]

Tue Dec 31 10:08:21 UTC 2024 [INFO]: Successfully downloaded 20241231_100819.json
Tue Dec 31 10:08:21 UTC 2024 [INFO]: 20241231_100819.json is valid.

--------------------------------------------------------------
Wed Jan  1 10:08:20 UTC 2025 [INFO]: Fetching weather data from Met Eireann API endpoint
--2025-01-01 10:08:20--  https://prodapi.metweb.ie/observations/athenry/today
Resolving prodapi.metweb.ie (prodapi.metweb.ie)... 139.162.185.91
Connecting to prodapi.metweb.ie (prodapi.metweb.ie)|139.162.185.91|:443... connected.
HTTP request sent, awaiting response... 200 OK
Length: unspecified [application/json]
Saving to: ‘data/weather/20250101_100820.json’

     0K ...                                                     660M=0s

2025-01-01 10:08:21 (660 MB/s) - ‘data/weather/20250101_100820.json’ saved [3095]

Wed Jan  1 10:08:21 UTC 2025 [INFO]: Successfully downloaded 20250101_100820.json
Wed Jan  1 10:08:21 UTC 2025 [INFO]: 20250101_100820.json is valid.

--------------------------------------------------------------
Thu Jan  2 10:08:16 UTC 2025 [INFO]: Fetching weather data from Met Eireann API endpoint
--2025-01-02 10:08:16--  https://prodapi.metweb.ie/observations/athenry/today
Resolving prodapi.metweb.ie (prodapi.metweb.ie)... 139.162.185.91
Connecting to prodapi.metweb.ie (prodapi.metweb.ie)|139.162.185.91|:443... connected.
HTTP request sent, awaiting response... 200 OK
Length: unspecified [application/json]
Saving to: ‘data/weather/20250102_100816.json’

     0K ..                                                      766M=0s

2025-01-02 10:08:21 (766 MB/s) - ‘data/weather/20250102_100816.json’ saved [2927]

Thu Jan  2 10:08:21 UTC 2025 [INFO]: Successfully downloaded 20250102_100816.json
Thu Jan  2 10:08:21 UTC 2025 [INFO]: 20250102_100816.json is valid.

--------------------------------------------------------------
Fri Jan  3 10:08:09 UTC 2025 [INFO]: Fetching weather data from Met Eireann API endpoint
--2025-01-03 10:08:09--  https://prodapi.metweb.ie/observations/athenry/today
Resolving prodapi.metweb.ie (prodapi.metweb.ie)... 139.162.185.91
Connecting to prodapi.metweb.ie (prodapi.metweb.ie)|139.162.185.91|:443... connected.
HTTP request sent, awaiting response... 200 OK
Length: unspecified [application/json]
Saving to: ‘data/weather/20250103_100809.json’

     0K ..                                                      675M=0s

2025-01-03 10:08:10 (675 MB/s) - ‘data/weather/20250103_100809.json’ saved [3027]

Fri Jan  3 10:08:10 UTC 2025 [INFO]: Successfully downloaded 20250103_100809.json
Fri Jan  3 10:08:10 UTC 2025 [INFO]: 20250103_100809.json is valid.

--------------------------------------------------------------
Sat Jan  4 10:07:29 UTC 2025 [INFO]: Fetching weather data from Met Eireann API endpoint
--2025-01-04 10:07:29--  https://prodapi.metweb.ie/observations/athenry/today
Resolving prodapi.metweb.ie (prodapi.metweb.ie)... 139.162.185.91
Connecting to prodapi.metweb.ie (prodapi.metweb.ie)|139.162.185.91|:443... connected.
HTTP request sent, awaiting response... 200 OK
Length: unspecified [application/json]
Saving to: ‘data/weather/20250104_100729.json’

     0K ..                                                      558M=0s

2025-01-04 10:07:31 (558 MB/s) - ‘data/weather/20250104_100729.json’ saved [2984]

Sat Jan  4 10:07:31 UTC 2025 [INFO]: Successfully downloaded 20250104_100729.json
Sat Jan  4 10:07:31 UTC 2025 [INFO]: 20250104_100729.json is valid.

--------------------------------------------------------------
Sun Jan  5 10:07:19 UTC 2025 [INFO]: Fetching weather data from Met Eireann API endpoint
--2025-01-05 10:07:19--  https://prodapi.metweb.ie/observations/athenry/today
Resolving prodapi.metweb.ie (prodapi.metweb.ie)... 139.162.185.91
Connecting to prodapi.metweb.ie (prodapi.metweb.ie)|139.162.185.91|:443... connected.
HTTP request sent, awaiting response... 200 OK
Length: unspecified [application/json]
Saving to: ‘data/weather/20250105_100719.json’

     0K ..                                                      647M=0s

2025-01-05 10:07:20 (647 MB/s) - ‘data/weather/20250105_100719.json’ saved [3063]

Sun Jan  5 10:07:20 UTC 2025 [INFO]: Successfully downloaded 20250105_100719.json
Sun Jan  5 10:07:20 UTC 2025 [INFO]: 20250105_100719.json is valid.

--------------------------------------------------------------
Mon Jan  6 10:09:05 UTC 2025 [INFO]: Fetching weather data from Met Eireann API endpoint
--2025-01-06 10:09:05--  https://prodapi.metweb.ie/observations/athenry/today
Resolving prodapi.metweb.ie (prodapi.metweb.ie)... 139.162.185.91
Connecting to prodapi.metweb.ie (prodapi.metweb.ie)|139.162.185.91|:443... connected.
HTTP request sent, awaiting response... 200 OK
Length: unspecified [application/json]
Saving to: ‘data/weather/20250106_100905.json’

     0K ..                                                      823M=0s

2025-01-06 10:09:08 (823 MB/s) - ‘data/weather/20250106_100905.json’ saved [3000]

Mon Jan  6 10:09:08 UTC 2025 [INFO]: Successfully downloaded 20250106_100905.json
Mon Jan  6 10:09:08 UTC 2025 [INFO]: 20250106_100905.json is valid.

--------------------------------------------------------------
Tue Jan  7 10:08:45 UTC 2025 [INFO]: Fetching weather data from Met Eireann API endpoint
--2025-01-07 10:08:45--  https://prodapi.metweb.ie/observations/athenry/today
Resolving prodapi.metweb.ie (prodapi.metweb.ie)... 139.162.185.91
Connecting to prodapi.metweb.ie (prodapi.metweb.ie)|139.162.185.91|:443... connected.
HTTP request sent, awaiting response... 200 OK
Length: unspecified [application/json]
Saving to: ‘data/weather/20250107_100845.json’

     0K ..                                                      662M=0s

2025-01-07 10:08:46 (662 MB/s) - ‘data/weather/20250107_100845.json’ saved [3054]

Tue Jan  7 10:08:46 UTC 2025 [INFO]: Successfully downloaded 20250107_100845.json
Tue Jan  7 10:08:46 UTC 2025 [INFO]: 20250107_100845.json is valid.

--------------------------------------------------------------
Wed Jan  8 10:08:45 UTC 2025 [INFO]: Fetching weather data from Met Eireann API endpoint
--2025-01-08 10:08:45--  https://prodapi.metweb.ie/observations/athenry/today
Resolving prodapi.metweb.ie (prodapi.metweb.ie)... 139.162.185.91
Connecting to prodapi.metweb.ie (prodapi.metweb.ie)|139.162.185.91|:443... connected.
HTTP request sent, awaiting response... 200 OK
Length: unspecified [application/json]
Saving to: ‘data/weather/20250108_100845.json’

     0K ..                                                      604M=0s

2025-01-08 10:08:59 (604 MB/s) - ‘data/weather/20250108_100845.json’ saved [2951]

Wed Jan  8 10:08:59 UTC 2025 [INFO]: Successfully downloaded 20250108_100845.json
Wed Jan  8 10:08:59 UTC 2025 [INFO]: 20250108_100845.json is valid.

--------------------------------------------------------------
Thu Jan  9 10:08:52 UTC 2025 [INFO]: Fetching weather data from Met Eireann API endpoint
--2025-01-09 10:08:52--  https://prodapi.metweb.ie/observations/athenry/today
Resolving prodapi.metweb.ie (prodapi.metweb.ie)... 139.162.185.91
Connecting to prodapi.metweb.ie (prodapi.metweb.ie)|139.162.185.91|:443... connected.
HTTP request sent, awaiting response... 200 OK
Length: unspecified [application/json]
Saving to: ‘data/weather/20250109_100852.json’

     0K ..                                                      680M=0s

2025-01-09 10:08:55 (680 MB/s) - ‘data/weather/20250109_100852.json’ saved [3044]

Thu Jan  9 10:08:55 UTC 2025 [INFO]: Successfully downloaded 20250109_100852.json
Thu Jan  9 10:08:55 UTC 2025 [INFO]: 20250109_100852.json is valid.

--------------------------------------------------------------
Fri Jan 10 10:08:51 UTC 2025 [INFO]: Fetching weather data from Met Eireann API endpoint
--2025-01-10 10:08:51--  https://prodapi.metweb.ie/observations/athenry/today
Resolving prodapi.metweb.ie (prodapi.metweb.ie)... 139.162.185.91
Connecting to prodapi.metweb.ie (prodapi.metweb.ie)|139.162.185.91|:443... connected.
HTTP request sent, awaiting response... 200 OK
Length: unspecified [application/json]
Saving to: ‘data/weather/20250110_100851.json’

     0K ..                                                      635M=0s

2025-01-10 10:08:53 (635 MB/s) - ‘data/weather/20250110_100851.json’ saved [2997]

Fri Jan 10 10:08:53 UTC 2025 [INFO]: Successfully downloaded 20250110_100851.json
Fri Jan 10 10:08:53 UTC 2025 [INFO]: 20250110_100851.json is valid.

--------------------------------------------------------------
Sat Jan 11 10:07:37 UTC 2025 [INFO]: Fetching weather data from Met Eireann API endpoint
--2025-01-11 10:07:37--  https://prodapi.metweb.ie/observations/athenry/today
Resolving prodapi.metweb.ie (prodapi.metweb.ie)... 139.162.185.91
Connecting to prodapi.metweb.ie (prodapi.metweb.ie)|139.162.185.91|:443... connected.
HTTP request sent, awaiting response... 200 OK
Length: unspecified [application/json]
Saving to: ‘data/weather/20250111_100737.json’

     0K ...                                                     676M=0s

2025-01-11 10:07:38 (676 MB/s) - ‘data/weather/20250111_100737.json’ saved [3103]

Sat Jan 11 10:07:38 UTC 2025 [INFO]: Successfully downloaded 20250111_100737.json
Sat Jan 11 10:07:38 UTC 2025 [INFO]: 20250111_100737.json is valid.

--------------------------------------------------------------
Sun Jan 12 10:07:27 UTC 2025 [INFO]: Fetching weather data from Met Eireann API endpoint
--2025-01-12 10:07:27--  https://prodapi.metweb.ie/observations/athenry/today
Resolving prodapi.metweb.ie (prodapi.metweb.ie)... 139.162.185.91
Connecting to prodapi.metweb.ie (prodapi.metweb.ie)|139.162.185.91|:443... connected.
HTTP request sent, awaiting response... 200 OK
Length: unspecified [application/json]
Saving to: ‘data/weather/20250112_100727.json’

     0K ..                                                      335M=0s

2025-01-12 10:07:29 (335 MB/s) - ‘data/weather/20250112_100727.json’ saved [2959]

Sun Jan 12 10:07:29 UTC 2025 [INFO]: Successfully downloaded 20250112_100727.json
Sun Jan 12 10:07:29 UTC 2025 [INFO]: 20250112_100727.json is valid.

--------------------------------------------------------------
Mon Jan 13 10:09:08 UTC 2025 [INFO]: Fetching weather data from Met Eireann API endpoint
--2025-01-13 10:09:08--  https://prodapi.metweb.ie/observations/athenry/today
Resolving prodapi.metweb.ie (prodapi.metweb.ie)... 139.162.185.91
Connecting to prodapi.metweb.ie (prodapi.metweb.ie)|139.162.185.91|:443... connected.
HTTP request sent, awaiting response... 200 OK
Length: unspecified [application/json]
Saving to: ‘data/weather/20250113_100908.json’

     0K ..                                                      634M=0s

2025-01-13 10:09:09 (634 MB/s) - ‘data/weather/20250113_100908.json’ saved [3010]

Mon Jan 13 10:09:09 UTC 2025 [INFO]: Successfully downloaded 20250113_100908.json
Mon Jan 13 10:09:09 UTC 2025 [INFO]: 20250113_100908.json is valid.

--------------------------------------------------------------
Tue Jan 14 10:08:02 UTC 2025 [INFO]: Fetching weather data from Met Eireann API endpoint
--2025-01-14 10:08:02--  https://prodapi.metweb.ie/observations/athenry/today
Resolving prodapi.metweb.ie (prodapi.metweb.ie)... 139.162.185.91
Connecting to prodapi.metweb.ie (prodapi.metweb.ie)|139.162.185.91|:443... connected.
HTTP request sent, awaiting response... 200 OK
Length: unspecified [application/json]
Saving to: ‘data/weather/20250114_100802.json’

     0K ..                                                      693M=0s

2025-01-14 10:08:03 (693 MB/s) - ‘data/weather/20250114_100802.json’ saved [3051]

Tue Jan 14 10:08:03 UTC 2025 [INFO]: Successfully downloaded 20250114_100802.json
Tue Jan 14 10:08:03 UTC 2025 [INFO]: 20250114_100802.json is valid.

--------------------------------------------------------------
Wed Jan 15 10:08:12 UTC 2025 [INFO]: Fetching weather data from Met Eireann API endpoint
--2025-01-15 10:08:12--  https://prodapi.metweb.ie/observations/athenry/today
Resolving prodapi.metweb.ie (prodapi.metweb.ie)... 139.162.185.91
Connecting to prodapi.metweb.ie (prodapi.metweb.ie)|139.162.185.91|:443... connected.
HTTP request sent, awaiting response... 200 OK
Length: unspecified [application/json]
Saving to: ‘data/weather/20250115_100812.json’

     0K ..                                                      456M=0s

2025-01-15 10:08:15 (456 MB/s) - ‘data/weather/20250115_100812.json’ saved [2957]

Wed Jan 15 10:08:15 UTC 2025 [INFO]: Successfully downloaded 20250115_100812.json
Wed Jan 15 10:08:15 UTC 2025 [INFO]: 20250115_100812.json is valid.

--------------------------------------------------------------
Thu Jan 16 10:08:03 UTC 2025 [INFO]: Fetching weather data from Met Eireann API endpoint
--2025-01-16 10:08:03--  https://prodapi.metweb.ie/observations/athenry/today
Resolving prodapi.metweb.ie (prodapi.metweb.ie)... 139.162.185.91
Connecting to prodapi.metweb.ie (prodapi.metweb.ie)|139.162.185.91|:443... connected.
HTTP request sent, awaiting response... 200 OK
Length: unspecified [application/json]
Saving to: ‘data/weather/20250116_100803.json’

     0K ..                                                      597M=0s

2025-01-16 10:08:04 (597 MB/s) - ‘data/weather/20250116_100803.json’ saved [2941]

Thu Jan 16 10:08:04 UTC 2025 [INFO]: Successfully downloaded 20250116_100803.json
Thu Jan 16 10:08:04 UTC 2025 [INFO]: 20250116_100803.json is valid.

--------------------------------------------------------------
Fri Jan 17 10:08:23 UTC 2025 [INFO]: Fetching weather data from Met Eireann API endpoint
--2025-01-17 10:08:23--  https://prodapi.metweb.ie/observations/athenry/today
Resolving prodapi.metweb.ie (prodapi.metweb.ie)... 139.162.185.91
Connecting to prodapi.metweb.ie (prodapi.metweb.ie)|139.162.185.91|:443... connected.
HTTP request sent, awaiting response... 200 OK
Length: unspecified [application/json]
Saving to: ‘data/weather/20250117_100823.json’

     0K ..                                                      619M=0s

2025-01-17 10:08:25 (619 MB/s) - ‘data/weather/20250117_100823.json’ saved [2966]

Fri Jan 17 10:08:25 UTC 2025 [INFO]: Successfully downloaded 20250117_100823.json
Fri Jan 17 10:08:25 UTC 2025 [INFO]: 20250117_100823.json is valid.

--------------------------------------------------------------
Sat Jan 18 10:07:04 UTC 2025 [INFO]: Fetching weather data from Met Eireann API endpoint
--2025-01-18 10:07:04--  https://prodapi.metweb.ie/observations/athenry/today
Resolving prodapi.metweb.ie (prodapi.metweb.ie)... 139.162.185.91
Connecting to prodapi.metweb.ie (prodapi.metweb.ie)|139.162.185.91|:443... connected.
HTTP request sent, awaiting response... 200 OK
Length: unspecified [application/json]
Saving to: ‘data/weather/20250118_100704.json’

     0K ..                                                      674M=0s

2025-01-18 10:07:05 (674 MB/s) - ‘data/weather/20250118_100704.json’ saved [2996]

Sat Jan 18 10:07:05 UTC 2025 [INFO]: Successfully downloaded 20250118_100704.json
Sat Jan 18 10:07:05 UTC 2025 [INFO]: 20250118_100704.json is valid.

--------------------------------------------------------------
Sun Jan 19 10:07:08 UTC 2025 [INFO]: Fetching weather data from Met Eireann API endpoint
--2025-01-19 10:07:08--  https://prodapi.metweb.ie/observations/athenry/today
Resolving prodapi.metweb.ie (prodapi.metweb.ie)... 139.162.185.91
Connecting to prodapi.metweb.ie (prodapi.metweb.ie)|139.162.185.91|:443... connected.
HTTP request sent, awaiting response... 200 OK
Length: unspecified [application/json]
Saving to: ‘data/weather/20250119_100708.json’

     0K ..                                                      597M=0s

2025-01-19 10:07:10 (597 MB/s) - ‘data/weather/20250119_100708.json’ saved [2966]

Sun Jan 19 10:07:10 UTC 2025 [INFO]: Successfully downloaded 20250119_100708.json
Sun Jan 19 10:07:10 UTC 2025 [INFO]: 20250119_100708.json is valid.

--------------------------------------------------------------
Mon Jan 20 10:08:24 UTC 2025 [INFO]: Fetching weather data from Met Eireann API endpoint
--2025-01-20 10:08:24--  https://prodapi.metweb.ie/observations/athenry/today
Resolving prodapi.metweb.ie (prodapi.metweb.ie)... 139.162.185.91
Connecting to prodapi.metweb.ie (prodapi.metweb.ie)|139.162.185.91|:443... connected.
HTTP request sent, awaiting response... 200 OK
Length: unspecified [application/json]
Saving to: ‘data/weather/20250120_100824.json’

     0K ..                                                      649M=0s

2025-01-20 10:08:31 (649 MB/s) - ‘data/weather/20250120_100824.json’ saved [3008]

Mon Jan 20 10:08:31 UTC 2025 [INFO]: Successfully downloaded 20250120_100824.json
Mon Jan 20 10:08:31 UTC 2025 [INFO]: 20250120_100824.json is valid.

--------------------------------------------------------------
Tue Jan 21 10:08:08 UTC 2025 [INFO]: Fetching weather data from Met Eireann API endpoint
--2025-01-21 10:08:08--  https://prodapi.metweb.ie/observations/athenry/today
Resolving prodapi.metweb.ie (prodapi.metweb.ie)... 139.162.185.91
Connecting to prodapi.metweb.ie (prodapi.metweb.ie)|139.162.185.91|:443... connected.
HTTP request sent, awaiting response... 200 OK
Length: unspecified [application/json]
Saving to: ‘data/weather/20250121_100808.json’

     0K ..                                                      319M=0s

2025-01-21 10:08:16 (319 MB/s) - ‘data/weather/20250121_100808.json’ saved [3053]

Tue Jan 21 10:08:16 UTC 2025 [INFO]: Successfully downloaded 20250121_100808.json
Tue Jan 21 10:08:16 UTC 2025 [INFO]: 20250121_100808.json is valid.

--------------------------------------------------------------
Wed Jan 22 10:06:44 UTC 2025 [INFO]: Fetching weather data from Met Eireann API endpoint
--2025-01-22 10:06:44--  https://prodapi.metweb.ie/observations/athenry/today
Resolving prodapi.metweb.ie (prodapi.metweb.ie)... 139.162.185.91
Connecting to prodapi.metweb.ie (prodapi.metweb.ie)|139.162.185.91|:443... connected.
HTTP request sent, awaiting response... 200 OK
Length: unspecified [application/json]
Saving to: ‘data/weather/20250122_100644.json’

     0K ...                                                     646M=0s

2025-01-22 10:06:46 (646 MB/s) - ‘data/weather/20250122_100644.json’ saved [3090]

Wed Jan 22 10:06:46 UTC 2025 [INFO]: Successfully downloaded 20250122_100644.json
Wed Jan 22 10:06:46 UTC 2025 [INFO]: 20250122_100644.json is valid.

--------------------------------------------------------------
Thu Jan 23 10:08:31 UTC 2025 [INFO]: Fetching weather data from Met Eireann API endpoint
--2025-01-23 10:08:31--  https://prodapi.metweb.ie/observations/athenry/today
Resolving prodapi.metweb.ie (prodapi.metweb.ie)... 139.162.185.91
Connecting to prodapi.metweb.ie (prodapi.metweb.ie)|139.162.185.91|:443... connected.
HTTP request sent, awaiting response... 200 OK
Length: unspecified [application/json]
Saving to: ‘data/weather/20250123_100831.json’

     0K ..                                                      603M=0s

2025-01-23 10:08:32 (603 MB/s) - ‘data/weather/20250123_100831.json’ saved [3042]

Thu Jan 23 10:08:32 UTC 2025 [INFO]: Successfully downloaded 20250123_100831.json
Thu Jan 23 10:08:32 UTC 2025 [INFO]: 20250123_100831.json is valid.

--------------------------------------------------------------
Fri Jan 24 10:08:24 UTC 2025 [INFO]: Fetching weather data from Met Eireann API endpoint
--2025-01-24 10:08:24--  https://prodapi.metweb.ie/observations/athenry/today
Resolving prodapi.metweb.ie (prodapi.metweb.ie)... 139.162.185.91
Connecting to prodapi.metweb.ie (prodapi.metweb.ie)|139.162.185.91|:443... connected.
HTTP request sent, awaiting response... 200 OK
Length: unspecified [application/json]
Saving to: ‘data/weather/20250124_100824.json’

     0K ..                                                      800M=0s

2025-01-24 10:08:25 (800 MB/s) - ‘data/weather/20250124_100824.json’ saved [2918]

Fri Jan 24 10:08:25 UTC 2025 [INFO]: Successfully downloaded 20250124_100824.json
Fri Jan 24 10:08:25 UTC 2025 [INFO]: 20250124_100824.json is valid.

--------------------------------------------------------------
Sat Jan 25 10:06:46 UTC 2025 [INFO]: Fetching weather data from Met Eireann API endpoint
--2025-01-25 10:06:46--  https://prodapi.metweb.ie/observations/athenry/today
Resolving prodapi.metweb.ie (prodapi.metweb.ie)... 139.162.185.91
Connecting to prodapi.metweb.ie (prodapi.metweb.ie)|139.162.185.91|:443... connected.
HTTP request sent, awaiting response... 200 OK
Length: unspecified [application/json]
Saving to: ‘data/weather/20250125_100646.json’

     0K ..                                                      505M=0s

2025-01-25 10:06:48 (505 MB/s) - ‘data/weather/20250125_100646.json’ saved [2819]

Sat Jan 25 10:06:48 UTC 2025 [INFO]: Successfully downloaded 20250125_100646.json
Sat Jan 25 10:06:48 UTC 2025 [INFO]: 20250125_100646.json is valid.

--------------------------------------------------------------
Sun Jan 26 10:06:59 UTC 2025 [INFO]: Fetching weather data from Met Eireann API endpoint
--2025-01-26 10:06:59--  https://prodapi.metweb.ie/observations/athenry/today
Resolving prodapi.metweb.ie (prodapi.metweb.ie)... 139.162.185.91
Connecting to prodapi.metweb.ie (prodapi.metweb.ie)|139.162.185.91|:443... connected.
HTTP request sent, awaiting response... 200 OK
Length: unspecified [application/json]
Saving to: ‘data/weather/20250126_100659.json’

     0K ..                                                      609M=0s

2025-01-26 10:07:00 (609 MB/s) - ‘data/weather/20250126_100659.json’ saved [2801]

Sun Jan 26 10:07:00 UTC 2025 [INFO]: Successfully downloaded 20250126_100659.json
Sun Jan 26 10:07:00 UTC 2025 [INFO]: 20250126_100659.json is valid.

--------------------------------------------------------------
Mon Jan 27 10:09:09 UTC 2025 [INFO]: Fetching weather data from Met Eireann API endpoint
--2025-01-27 10:09:09--  https://prodapi.metweb.ie/observations/athenry/today
Resolving prodapi.metweb.ie (prodapi.metweb.ie)... 139.162.185.91
Connecting to prodapi.metweb.ie (prodapi.metweb.ie)|139.162.185.91|:443... connected.
HTTP request sent, awaiting response... 200 OK
Length: unspecified [application/json]
Saving to: ‘data/weather/20250127_100909.json’

     0K ..                                                      649M=0s

2025-01-27 10:09:10 (649 MB/s) - ‘data/weather/20250127_100909.json’ saved [2817]

Mon Jan 27 10:09:10 UTC 2025 [INFO]: Successfully downloaded 20250127_100909.json
Mon Jan 27 10:09:10 UTC 2025 [INFO]: 20250127_100909.json is valid.

--------------------------------------------------------------
Tue Jan 28 10:08:08 UTC 2025 [INFO]: Fetching weather data from Met Eireann API endpoint
--2025-01-28 10:08:08--  https://prodapi.metweb.ie/observations/athenry/today
Resolving prodapi.metweb.ie (prodapi.metweb.ie)... 139.162.185.91
Connecting to prodapi.metweb.ie (prodapi.metweb.ie)|139.162.185.91|:443... connected.
HTTP request sent, awaiting response... 200 OK
Length: unspecified [application/json]
Saving to: ‘data/weather/20250128_100808.json’

     0K ..                                                      473M=0s

2025-01-28 10:08:09 (473 MB/s) - ‘data/weather/20250128_100808.json’ saved [2837]

Tue Jan 28 10:08:09 UTC 2025 [INFO]: Successfully downloaded 20250128_100808.json
Tue Jan 28 10:08:09 UTC 2025 [INFO]: 20250128_100808.json is valid.

--------------------------------------------------------------
Wed Jan 29 10:08:12 UTC 2025 [INFO]: Fetching weather data from Met Eireann API endpoint
--2025-01-29 10:08:12--  https://prodapi.metweb.ie/observations/athenry/today
Resolving prodapi.metweb.ie (prodapi.metweb.ie)... 139.162.185.91
Connecting to prodapi.metweb.ie (prodapi.metweb.ie)|139.162.185.91|:443... connected.
HTTP request sent, awaiting response... 200 OK
Length: unspecified [application/json]
Saving to: ‘data/weather/20250129_100812.json’

     0K ..                                                      645M=0s

2025-01-29 10:08:24 (645 MB/s) - ‘data/weather/20250129_100812.json’ saved [2844]

Wed Jan 29 10:08:24 UTC 2025 [INFO]: Successfully downloaded 20250129_100812.json
Wed Jan 29 10:08:24 UTC 2025 [INFO]: 20250129_100812.json is valid.

--------------------------------------------------------------
Thu Jan 30 10:08:06 UTC 2025 [INFO]: Fetching weather data from Met Eireann API endpoint
--2025-01-30 10:08:06--  https://prodapi.metweb.ie/observations/athenry/today
Resolving prodapi.metweb.ie (prodapi.metweb.ie)... 139.162.185.91
Connecting to prodapi.metweb.ie (prodapi.metweb.ie)|139.162.185.91|:443... connected.
HTTP request sent, awaiting response... 200 OK
Length: unspecified [application/json]
Saving to: ‘data/weather/20250130_100806.json’

     0K ..                                                      604M=0s

2025-01-30 10:08:28 (604 MB/s) - ‘data/weather/20250130_100806.json’ saved [2952]

Thu Jan 30 10:08:28 UTC 2025 [INFO]: Successfully downloaded 20250130_100806.json
Thu Jan 30 10:08:28 UTC 2025 [INFO]: 20250130_100806.json is valid.

--------------------------------------------------------------
Fri Jan 31 10:07:53 UTC 2025 [INFO]: Fetching weather data from Met Eireann API endpoint
--2025-01-31 10:07:53--  https://prodapi.metweb.ie/observations/athenry/today
Resolving prodapi.metweb.ie (prodapi.metweb.ie)... 139.162.185.91
Connecting to prodapi.metweb.ie (prodapi.metweb.ie)|139.162.185.91|:443... connected.
HTTP request sent, awaiting response... 200 OK
Length: unspecified [application/json]
Saving to: ‘data/weather/20250131_100753.json’

     0K ..                                                      603M=0s

2025-01-31 10:07:54 (603 MB/s) - ‘data/weather/20250131_100753.json’ saved [2938]

Fri Jan 31 10:07:54 UTC 2025 [INFO]: Successfully downloaded 20250131_100753.json
Fri Jan 31 10:07:54 UTC 2025 [INFO]: 20250131_100753.json is valid.

--------------------------------------------------------------
Sat Feb  1 10:07:29 UTC 2025 [INFO]: Fetching weather data from Met Eireann API endpoint
--2025-02-01 10:07:29--  https://prodapi.metweb.ie/observations/athenry/today
Resolving prodapi.metweb.ie (prodapi.metweb.ie)... 139.162.185.91
Connecting to prodapi.metweb.ie (prodapi.metweb.ie)|139.162.185.91|:443... connected.
HTTP request sent, awaiting response... 200 OK
Length: unspecified [application/json]
Saving to: ‘data/weather/20250201_100729.json’

     0K ..                                                      854M=0s

2025-02-01 10:07:30 (854 MB/s) - ‘data/weather/20250201_100729.json’ saved [3023]

Sat Feb  1 10:07:30 UTC 2025 [INFO]: Successfully downloaded 20250201_100729.json
Sat Feb  1 10:07:30 UTC 2025 [INFO]: 20250201_100729.json is valid.

--------------------------------------------------------------
Sun Feb  2 10:07:05 UTC 2025 [INFO]: Fetching weather data from Met Eireann API endpoint
--2025-02-02 10:07:05--  https://prodapi.metweb.ie/observations/athenry/today
Resolving prodapi.metweb.ie (prodapi.metweb.ie)... 139.162.185.91
Connecting to prodapi.metweb.ie (prodapi.metweb.ie)|139.162.185.91|:443... connected.
HTTP request sent, awaiting response... 200 OK
Length: unspecified [application/json]
Saving to: ‘data/weather/20250202_100705.json’

     0K ..                                                      378M=0s

2025-02-02 10:07:07 (378 MB/s) - ‘data/weather/20250202_100705.json’ saved [3057]

Sun Feb  2 10:07:07 UTC 2025 [INFO]: Successfully downloaded 20250202_100705.json
Sun Feb  2 10:07:07 UTC 2025 [INFO]: 20250202_100705.json is valid.

--------------------------------------------------------------
Mon Feb  3 10:08:36 UTC 2025 [INFO]: Fetching weather data from Met Eireann API endpoint
--2025-02-03 10:08:36--  https://prodapi.metweb.ie/observations/athenry/today
Resolving prodapi.metweb.ie (prodapi.metweb.ie)... 139.162.185.91
Connecting to prodapi.metweb.ie (prodapi.metweb.ie)|139.162.185.91|:443... connected.
HTTP request sent, awaiting response... 200 OK
Length: unspecified [application/json]
Saving to: ‘data/weather/20250203_100836.json’

     0K ..                                                      406M=0s

2025-02-03 10:08:37 (406 MB/s) - ‘data/weather/20250203_100836.json’ saved [2973]

Mon Feb  3 10:08:37 UTC 2025 [INFO]: Successfully downloaded 20250203_100836.json
Mon Feb  3 10:08:37 UTC 2025 [INFO]: 20250203_100836.json is valid.

--------------------------------------------------------------
Tue Feb  4 10:08:32 UTC 2025 [INFO]: Fetching weather data from Met Eireann API endpoint
--2025-02-04 10:08:32--  https://prodapi.metweb.ie/observations/athenry/today
Resolving prodapi.metweb.ie (prodapi.metweb.ie)... 139.162.185.91
Connecting to prodapi.metweb.ie (prodapi.metweb.ie)|139.162.185.91|:443... connected.
HTTP request sent, awaiting response... 200 OK
Length: unspecified [application/json]
Saving to: ‘data/weather/20250204_100832.json’

     0K ..                                                      793M=0s

2025-02-04 10:08:33 (793 MB/s) - ‘data/weather/20250204_100832.json’ saved [3042]

Tue Feb  4 10:08:33 UTC 2025 [INFO]: Successfully downloaded 20250204_100832.json
Tue Feb  4 10:08:33 UTC 2025 [INFO]: 20250204_100832.json is valid.

--------------------------------------------------------------
Wed Feb  5 10:08:24 UTC 2025 [INFO]: Fetching weather data from Met Eireann API endpoint
--2025-02-05 10:08:24--  https://prodapi.metweb.ie/observations/athenry/today
Resolving prodapi.metweb.ie (prodapi.metweb.ie)... 139.162.185.91
Connecting to prodapi.metweb.ie (prodapi.metweb.ie)|139.162.185.91|:443... connected.
HTTP request sent, awaiting response... 200 OK
Length: unspecified [application/json]
Saving to: ‘data/weather/20250205_100824.json’

     0K ..                                                      483M=0s

2025-02-05 10:08:28 (483 MB/s) - ‘data/weather/20250205_100824.json’ saved [2972]

Wed Feb  5 10:08:28 UTC 2025 [INFO]: Successfully downloaded 20250205_100824.json
Wed Feb  5 10:08:28 UTC 2025 [INFO]: 20250205_100824.json is valid.
